[2m2022-11-18 02:00:09.819[0;39m [33m WARN[0;39m [35m9504[0;39m [2m---[0;39m [2m[           main][0;39m [36mo.m.s.mapper.ClassPathMapperScanner     [0;39m [2m:[0;39m Skipping MapperFactoryBean with name 'boardMapper' and 'com.ssafy.vue.model.mapper.BoardMapper' mapperInterface. Bean already defined with the same name!
[2m2022-11-18 02:00:09.824[0;39m [33m WARN[0;39m [35m9504[0;39m [2m---[0;39m [2m[           main][0;39m [36mo.m.s.mapper.ClassPathMapperScanner     [0;39m [2m:[0;39m Skipping MapperFactoryBean with name 'houseMapMapper' and 'com.ssafy.vue.model.mapper.HouseMapMapper' mapperInterface. Bean already defined with the same name!
[2m2022-11-18 02:00:09.824[0;39m [33m WARN[0;39m [35m9504[0;39m [2m---[0;39m [2m[           main][0;39m [36mo.m.s.mapper.ClassPathMapperScanner     [0;39m [2m:[0;39m Skipping MapperFactoryBean with name 'memberMapper' and 'com.ssafy.vue.model.mapper.MemberMapper' mapperInterface. Bean already defined with the same name!
[2m2022-11-18 02:00:09.825[0;39m [33m WARN[0;39m [35m9504[0;39m [2m---[0;39m [2m[           main][0;39m [36mo.m.s.mapper.ClassPathMapperScanner     [0;39m [2m:[0;39m No MyBatis mapper was found in '[com.ssafy.vue.model.mapper]' package. Please check your configuration.
[2m2022-11-18 02:00:10.105[0;39m [32m INFO[0;39m [35m9504[0;39m [2m---[0;39m [2m[           main][0;39m [36mo.s.b.w.embedded.tomcat.TomcatWebServer [0;39m [2m:[0;39m Tomcat initialized with port(s): 9999 (http)
[2m2022-11-18 02:00:10.358[0;39m [32m INFO[0;39m [35m9504[0;39m [2m---[0;39m [2m[           main][0;39m [36mw.s.c.ServletWebServerApplicationContext[0;39m [2m:[0;39m Root WebApplicationContext: initialization completed in 1061 ms
[2m2022-11-18 02:00:11.062[0;39m [32m INFO[0;39m [35m9504[0;39m [2m---[0;39m [2m[           main][0;39m [36mo.s.b.w.embedded.tomcat.TomcatWebServer [0;39m [2m:[0;39m Tomcat started on port(s): 9999 (http) with context path '/vue'
[2m2022-11-18 02:01:14.574[0;39m [32m INFO[0;39m [35m9504[0;39m [2m---[0;39m [2m[nio-9999-exec-3][0;39m [36mo.s.web.servlet.DispatcherServlet       [0;39m [2m:[0;39m Initializing Servlet 'dispatcherServlet'
[2m2022-11-18 02:01:14.576[0;39m [32m INFO[0;39m [35m9504[0;39m [2m---[0;39m [2m[nio-9999-exec-3][0;39m [36mo.s.web.servlet.DispatcherServlet       [0;39m [2m:[0;39m Completed initialization in 1 ms
[2m2022-11-18 02:01:14.591[0;39m [33m WARN[0;39m [35m9504[0;39m [2m---[0;39m [2m[nio-9999-exec-3][0;39m [36mo.s.web.servlet.PageNotFound            [0;39m [2m:[0;39m No mapping for GET /vue/swagger-ui/index.html
[2m2022-11-18 02:13:47.306[0;39m [32m INFO[0;39m [35m9504[0;39m [2m---[0;39m [2m[n(23)-127.0.0.1][0;39m [36minMXBeanRegistrar$SpringApplicationAdmin[0;39m [2m:[0;39m Application shutdown requested.
[2m2022-11-18 02:16:58.784[0;39m [33m WARN[0;39m [35m24588[0;39m [2m---[0;39m [2m[           main][0;39m [36mo.m.s.mapper.ClassPathMapperScanner     [0;39m [2m:[0;39m Skipping MapperFactoryBean with name 'boardMapper' and 'com.ssafy.vue.model.mapper.BoardMapper' mapperInterface. Bean already defined with the same name!
[2m2022-11-18 02:16:58.786[0;39m [33m WARN[0;39m [35m24588[0;39m [2m---[0;39m [2m[           main][0;39m [36mo.m.s.mapper.ClassPathMapperScanner     [0;39m [2m:[0;39m Skipping MapperFactoryBean with name 'houseMapMapper' and 'com.ssafy.vue.model.mapper.HouseMapMapper' mapperInterface. Bean already defined with the same name!
[2m2022-11-18 02:16:58.787[0;39m [33m WARN[0;39m [35m24588[0;39m [2m---[0;39m [2m[           main][0;39m [36mo.m.s.mapper.ClassPathMapperScanner     [0;39m [2m:[0;39m Skipping MapperFactoryBean with name 'memberMapper' and 'com.ssafy.vue.model.mapper.MemberMapper' mapperInterface. Bean already defined with the same name!
[2m2022-11-18 02:16:58.787[0;39m [33m WARN[0;39m [35m24588[0;39m [2m---[0;39m [2m[           main][0;39m [36mo.m.s.mapper.ClassPathMapperScanner     [0;39m [2m:[0;39m No MyBatis mapper was found in '[com.ssafy.vue.model.mapper]' package. Please check your configuration.
[2m2022-11-18 02:16:59.070[0;39m [32m INFO[0;39m [35m24588[0;39m [2m---[0;39m [2m[           main][0;39m [36mo.s.b.w.embedded.tomcat.TomcatWebServer [0;39m [2m:[0;39m Tomcat initialized with port(s): 9999 (http)
[2m2022-11-18 02:16:59.268[0;39m [32m INFO[0;39m [35m24588[0;39m [2m---[0;39m [2m[           main][0;39m [36mw.s.c.ServletWebServerApplicationContext[0;39m [2m:[0;39m Root WebApplicationContext: initialization completed in 985 ms
[2m2022-11-18 02:16:59.913[0;39m [32m INFO[0;39m [35m24588[0;39m [2m---[0;39m [2m[           main][0;39m [36mo.s.b.w.embedded.tomcat.TomcatWebServer [0;39m [2m:[0;39m Tomcat started on port(s): 9999 (http) with context path '/vue'
[2m2022-11-18 02:17:17.003[0;39m [32m INFO[0;39m [35m24588[0;39m [2m---[0;39m [2m[nio-9999-exec-8][0;39m [36mo.s.web.servlet.DispatcherServlet       [0;39m [2m:[0;39m Initializing Servlet 'dispatcherServlet'
[2m2022-11-18 02:17:17.005[0;39m [32m INFO[0;39m [35m24588[0;39m [2m---[0;39m [2m[nio-9999-exec-8][0;39m [36mo.s.web.servlet.DispatcherServlet       [0;39m [2m:[0;39m Completed initialization in 1 ms
[2m2022-11-18 02:17:17.040[0;39m [32m INFO[0;39m [35m24588[0;39m [2m---[0;39m [2m[nio-9999-exec-8][0;39m [36mc.ssafy.vue.controller.BoardController  [0;39m [2m:[0;39m listArticle - 호출
[2m2022-11-18 02:18:47.867[0;39m [32m INFO[0;39m [35m24588[0;39m [2m---[0;39m [2m[nio-9999-exec-1][0;39m [36mc.ssafy.vue.controller.BoardController  [0;39m [2m:[0;39m listArticle - 호출
[2m2022-11-18 02:19:05.759[0;39m [32m INFO[0;39m [35m24588[0;39m [2m---[0;39m [2m[nio-9999-exec-4][0;39m [36mc.ssafy.vue.controller.BoardController  [0;39m [2m:[0;39m listArticle - 호출
[2m2022-11-18 02:19:57.614[0;39m [32m INFO[0;39m [35m24588[0;39m [2m---[0;39m [2m[io-9999-exec-10][0;39m [36mc.ssafy.vue.controller.BoardController  [0;39m [2m:[0;39m listArticle - 호출
[2m2022-11-18 02:27:37.439[0;39m [33m WARN[0;39m [35m24588[0;39m [2m---[0;39m [2m[nio-9999-exec-2][0;39m [36m.w.s.m.s.DefaultHandlerExceptionResolver[0;39m [2m:[0;39m Resolved [org.springframework.http.converter.HttpMessageNotReadableException: Required request body is missing: public org.springframework.http.ResponseEntity<java.lang.String> com.ssafy.vue.controller.BoardController.writeArticle(com.ssafy.vue.model.BoardDto) throws java.lang.Exception]
[2m2022-11-18 02:27:40.180[0;39m [33m WARN[0;39m [35m24588[0;39m [2m---[0;39m [2m[nio-9999-exec-8][0;39m [36m.w.s.m.s.DefaultHandlerExceptionResolver[0;39m [2m:[0;39m Resolved [org.springframework.http.converter.HttpMessageNotReadableException: Required request body is missing: public org.springframework.http.ResponseEntity<java.lang.String> com.ssafy.vue.controller.BoardController.writeArticle(com.ssafy.vue.model.BoardDto) throws java.lang.Exception]
[2m2022-11-18 02:27:55.514[0;39m [32m INFO[0;39m [35m24588[0;39m [2m---[0;39m [2m[n(21)-127.0.0.1][0;39m [36minMXBeanRegistrar$SpringApplicationAdmin[0;39m [2m:[0;39m Application shutdown requested.
[2m2022-11-18 02:27:55.605[0;39m [33m WARN[0;39m [35m24588[0;39m [2m---[0;39m [2m[n(21)-127.0.0.1][0;39m [36mo.a.c.loader.WebappClassLoaderBase      [0;39m [2m:[0;39m The web application [vue] appears to have started a thread named [HikariPool-1 housekeeper] but has failed to stop it. This is very likely to create a memory leak. Stack trace of thread:
 sun.misc.Unsafe.park(Native Method)
 java.util.concurrent.locks.LockSupport.parkNanos(LockSupport.java:215)
 java.util.concurrent.locks.AbstractQueuedSynchronizer$ConditionObject.awaitNanos(AbstractQueuedSynchronizer.java:2078)
 java.util.concurrent.ScheduledThreadPoolExecutor$DelayedWorkQueue.take(ScheduledThreadPoolExecutor.java:1093)
 java.util.concurrent.ScheduledThreadPoolExecutor$DelayedWorkQueue.take(ScheduledThreadPoolExecutor.java:809)
 java.util.concurrent.ThreadPoolExecutor.getTask(ThreadPoolExecutor.java:1074)
 java.util.concurrent.ThreadPoolExecutor.runWorker(ThreadPoolExecutor.java:1134)
 java.util.concurrent.ThreadPoolExecutor$Worker.run(ThreadPoolExecutor.java:624)
 java.lang.Thread.run(Thread.java:748)
[2m2022-11-18 02:28:04.741[0;39m [33m WARN[0;39m [35m10368[0;39m [2m---[0;39m [2m[           main][0;39m [36mo.m.s.mapper.ClassPathMapperScanner     [0;39m [2m:[0;39m Skipping MapperFactoryBean with name 'boardMapper' and 'com.ssafy.vue.model.mapper.BoardMapper' mapperInterface. Bean already defined with the same name!
[2m2022-11-18 02:28:04.743[0;39m [33m WARN[0;39m [35m10368[0;39m [2m---[0;39m [2m[           main][0;39m [36mo.m.s.mapper.ClassPathMapperScanner     [0;39m [2m:[0;39m Skipping MapperFactoryBean with name 'houseMapMapper' and 'com.ssafy.vue.model.mapper.HouseMapMapper' mapperInterface. Bean already defined with the same name!
[2m2022-11-18 02:28:04.743[0;39m [33m WARN[0;39m [35m10368[0;39m [2m---[0;39m [2m[           main][0;39m [36mo.m.s.mapper.ClassPathMapperScanner     [0;39m [2m:[0;39m Skipping MapperFactoryBean with name 'memberMapper' and 'com.ssafy.vue.model.mapper.MemberMapper' mapperInterface. Bean already defined with the same name!
[2m2022-11-18 02:28:04.743[0;39m [33m WARN[0;39m [35m10368[0;39m [2m---[0;39m [2m[           main][0;39m [36mo.m.s.mapper.ClassPathMapperScanner     [0;39m [2m:[0;39m No MyBatis mapper was found in '[com.ssafy.vue.model.mapper]' package. Please check your configuration.
[2m2022-11-18 02:28:04.988[0;39m [32m INFO[0;39m [35m10368[0;39m [2m---[0;39m [2m[           main][0;39m [36mo.s.b.w.embedded.tomcat.TomcatWebServer [0;39m [2m:[0;39m Tomcat initialized with port(s): 9999 (http)
[2m2022-11-18 02:28:05.210[0;39m [32m INFO[0;39m [35m10368[0;39m [2m---[0;39m [2m[           main][0;39m [36mw.s.c.ServletWebServerApplicationContext[0;39m [2m:[0;39m Root WebApplicationContext: initialization completed in 955 ms
[2m2022-11-18 02:28:05.804[0;39m [32m INFO[0;39m [35m10368[0;39m [2m---[0;39m [2m[           main][0;39m [36mo.s.b.w.embedded.tomcat.TomcatWebServer [0;39m [2m:[0;39m Tomcat started on port(s): 9999 (http) with context path '/vue'
[2m2022-11-18 02:28:08.360[0;39m [32m INFO[0;39m [35m10368[0;39m [2m---[0;39m [2m[nio-9999-exec-2][0;39m [36mo.s.web.servlet.DispatcherServlet       [0;39m [2m:[0;39m Initializing Servlet 'dispatcherServlet'
[2m2022-11-18 02:28:08.362[0;39m [32m INFO[0;39m [35m10368[0;39m [2m---[0;39m [2m[nio-9999-exec-2][0;39m [36mo.s.web.servlet.DispatcherServlet       [0;39m [2m:[0;39m Completed initialization in 1 ms
[2m2022-11-18 02:28:08.384[0;39m [33m WARN[0;39m [35m10368[0;39m [2m---[0;39m [2m[nio-9999-exec-2][0;39m [36m.w.s.m.s.DefaultHandlerExceptionResolver[0;39m [2m:[0;39m Resolved [org.springframework.http.converter.HttpMessageNotReadableException: Required request body is missing: public org.springframework.http.ResponseEntity<java.lang.String> com.ssafy.vue.controller.BoardController.writeArticle(com.ssafy.vue.model.BoardDto) throws java.lang.Exception]
[2m2022-11-18 02:28:18.647[0;39m [32m INFO[0;39m [35m10368[0;39m [2m---[0;39m [2m[nio-9999-exec-6][0;39m [36mc.ssafy.vue.controller.BoardController  [0;39m [2m:[0;39m listArticle - 호출
[2m2022-11-18 02:28:34.431[0;39m [32m INFO[0;39m [35m10368[0;39m [2m---[0;39m [2m[nio-9999-exec-5][0;39m [36mc.ssafy.vue.controller.BoardController  [0;39m [2m:[0;39m listArticle - 호출
[2m2022-11-18 02:28:38.460[0;39m [32m INFO[0;39m [35m10368[0;39m [2m---[0;39m [2m[nio-9999-exec-4][0;39m [36mc.ssafy.vue.controller.BoardController  [0;39m [2m:[0;39m listArticle - 호출
[2m2022-11-18 02:28:51.383[0;39m [32m INFO[0;39m [35m10368[0;39m [2m---[0;39m [2m[nio-9999-exec-7][0;39m [36mc.ssafy.vue.controller.BoardController  [0;39m [2m:[0;39m listArticle - 호출
[2m2022-11-18 02:29:52.355[0;39m [32m INFO[0;39m [35m10368[0;39m [2m---[0;39m [2m[io-9999-exec-10][0;39m [36mc.ssafy.vue.controller.BoardController  [0;39m [2m:[0;39m listArticle - 호출
[2m2022-11-18 02:32:43.580[0;39m [32m INFO[0;39m [35m10368[0;39m [2m---[0;39m [2m[nio-9999-exec-3][0;39m [36mc.ssafy.vue.controller.BoardController  [0;39m [2m:[0;39m listArticle - 호출
[2m2022-11-18 02:32:55.252[0;39m [32m INFO[0;39m [35m10368[0;39m [2m---[0;39m [2m[nio-9999-exec-6][0;39m [36mc.ssafy.vue.controller.BoardController  [0;39m [2m:[0;39m listArticle - 호출
[2m2022-11-18 02:33:05.989[0;39m [32m INFO[0;39m [35m10368[0;39m [2m---[0;39m [2m[nio-9999-exec-5][0;39m [36mc.ssafy.vue.controller.BoardController  [0;39m [2m:[0;39m listArticle - 호출
[2m2022-11-18 02:33:12.259[0;39m [32m INFO[0;39m [35m10368[0;39m [2m---[0;39m [2m[nio-9999-exec-4][0;39m [36mc.ssafy.vue.controller.BoardController  [0;39m [2m:[0;39m listArticle - 호출
[2m2022-11-18 02:33:34.795[0;39m [32m INFO[0;39m [35m10368[0;39m [2m---[0;39m [2m[nio-9999-exec-9][0;39m [36mc.ssafy.vue.controller.BoardController  [0;39m [2m:[0;39m listArticle - 호출
[2m2022-11-18 02:34:43.075[0;39m [32m INFO[0;39m [35m10368[0;39m [2m---[0;39m [2m[n(16)-127.0.0.1][0;39m [36minMXBeanRegistrar$SpringApplicationAdmin[0;39m [2m:[0;39m Application shutdown requested.
[2m2022-11-18 02:34:43.198[0;39m [33m WARN[0;39m [35m10368[0;39m [2m---[0;39m [2m[n(16)-127.0.0.1][0;39m [36mo.a.c.loader.WebappClassLoaderBase      [0;39m [2m:[0;39m The web application [vue] appears to have started a thread named [HikariPool-1 housekeeper] but has failed to stop it. This is very likely to create a memory leak. Stack trace of thread:
 sun.misc.Unsafe.park(Native Method)
 java.util.concurrent.locks.LockSupport.parkNanos(LockSupport.java:215)
 java.util.concurrent.locks.AbstractQueuedSynchronizer$ConditionObject.awaitNanos(AbstractQueuedSynchronizer.java:2078)
 java.util.concurrent.ScheduledThreadPoolExecutor$DelayedWorkQueue.take(ScheduledThreadPoolExecutor.java:1093)
 java.util.concurrent.ScheduledThreadPoolExecutor$DelayedWorkQueue.take(ScheduledThreadPoolExecutor.java:809)
 java.util.concurrent.ThreadPoolExecutor.getTask(ThreadPoolExecutor.java:1074)
 java.util.concurrent.ThreadPoolExecutor.runWorker(ThreadPoolExecutor.java:1134)
 java.util.concurrent.ThreadPoolExecutor$Worker.run(ThreadPoolExecutor.java:624)
 java.lang.Thread.run(Thread.java:748)
[2m2022-11-18 02:35:03.439[0;39m [33m WARN[0;39m [35m5748[0;39m [2m---[0;39m [2m[           main][0;39m [36mo.m.s.mapper.ClassPathMapperScanner     [0;39m [2m:[0;39m Skipping MapperFactoryBean with name 'boardMapper' and 'com.ssafy.vue.model.mapper.BoardMapper' mapperInterface. Bean already defined with the same name!
[2m2022-11-18 02:35:03.440[0;39m [33m WARN[0;39m [35m5748[0;39m [2m---[0;39m [2m[           main][0;39m [36mo.m.s.mapper.ClassPathMapperScanner     [0;39m [2m:[0;39m Skipping MapperFactoryBean with name 'houseMapMapper' and 'com.ssafy.vue.model.mapper.HouseMapMapper' mapperInterface. Bean already defined with the same name!
[2m2022-11-18 02:35:03.440[0;39m [33m WARN[0;39m [35m5748[0;39m [2m---[0;39m [2m[           main][0;39m [36mo.m.s.mapper.ClassPathMapperScanner     [0;39m [2m:[0;39m Skipping MapperFactoryBean with name 'memberMapper' and 'com.ssafy.vue.model.mapper.MemberMapper' mapperInterface. Bean already defined with the same name!
[2m2022-11-18 02:35:03.441[0;39m [33m WARN[0;39m [35m5748[0;39m [2m---[0;39m [2m[           main][0;39m [36mo.m.s.mapper.ClassPathMapperScanner     [0;39m [2m:[0;39m No MyBatis mapper was found in '[com.ssafy.vue.model.mapper]' package. Please check your configuration.
[2m2022-11-18 02:35:03.715[0;39m [32m INFO[0;39m [35m5748[0;39m [2m---[0;39m [2m[           main][0;39m [36mo.s.b.w.embedded.tomcat.TomcatWebServer [0;39m [2m:[0;39m Tomcat initialized with port(s): 9999 (http)
[2m2022-11-18 02:35:03.946[0;39m [32m INFO[0;39m [35m5748[0;39m [2m---[0;39m [2m[           main][0;39m [36mw.s.c.ServletWebServerApplicationContext[0;39m [2m:[0;39m Root WebApplicationContext: initialization completed in 1022 ms
[2m2022-11-18 02:35:04.583[0;39m [32m INFO[0;39m [35m5748[0;39m [2m---[0;39m [2m[           main][0;39m [36mo.s.b.w.embedded.tomcat.TomcatWebServer [0;39m [2m:[0;39m Tomcat started on port(s): 9999 (http) with context path '/vue'
[2m2022-11-18 02:35:11.391[0;39m [32m INFO[0;39m [35m5748[0;39m [2m---[0;39m [2m[nio-9999-exec-1][0;39m [36mo.s.web.servlet.DispatcherServlet       [0;39m [2m:[0;39m Initializing Servlet 'dispatcherServlet'
[2m2022-11-18 02:35:11.392[0;39m [32m INFO[0;39m [35m5748[0;39m [2m---[0;39m [2m[nio-9999-exec-1][0;39m [36mo.s.web.servlet.DispatcherServlet       [0;39m [2m:[0;39m Completed initialization in 1 ms
[2m2022-11-18 02:35:11.414[0;39m [32m INFO[0;39m [35m5748[0;39m [2m---[0;39m [2m[nio-9999-exec-1][0;39m [36mc.ssafy.vue.controller.BoardController  [0;39m [2m:[0;39m listArticle - 호출
[2m2022-11-18 02:35:14.041[0;39m [32m INFO[0;39m [35m5748[0;39m [2m---[0;39m [2m[nio-9999-exec-3][0;39m [36mc.ssafy.vue.controller.BoardController  [0;39m [2m:[0;39m listArticle - 호출
[2m2022-11-18 02:37:09.452[0;39m [32m INFO[0;39m [35m5748[0;39m [2m---[0;39m [2m[nio-9999-exec-6][0;39m [36mc.ssafy.vue.controller.BoardController  [0;39m [2m:[0;39m listArticle - 호출
[2m2022-11-18 02:37:27.554[0;39m [32m INFO[0;39m [35m5748[0;39m [2m---[0;39m [2m[nio-9999-exec-7][0;39m [36mc.ssafy.vue.controller.BoardController  [0;39m [2m:[0;39m getArticle - 호출 : 1
[2m2022-11-18 02:37:27.633[0;39m [31mERROR[0;39m [35m5748[0;39m [2m---[0;39m [2m[nio-9999-exec-7][0;39m [36mo.a.c.c.C.[.[.[.[dispatcherServlet]     [0;39m [2m:[0;39m Servlet.service() for servlet [dispatcherServlet] in context with path [/vue] threw exception [Request processing failed; nested exception is org.springframework.jdbc.BadSqlGrammarException: 
### Error querying database.  Cause: java.sql.SQLSyntaxErrorException: Unknown column 'regtime' in 'field list'
### The error may exist in file [C:\Users\PC\OneDrive\바탕 화면\ssafy\spring\VueAPI\target\classes\mappers\board.xml]
### The error may involve com.ssafy.vue.model.mapper.BoardMapper.getArticle-Inline
### The error occurred while setting parameters
### SQL: select b_id, subject, content, hit, regtime   from board   where b_id = ?
### Cause: java.sql.SQLSyntaxErrorException: Unknown column 'regtime' in 'field list'
; bad SQL grammar []; nested exception is java.sql.SQLSyntaxErrorException: Unknown column 'regtime' in 'field list'] with root cause

java.sql.SQLSyntaxErrorException: Unknown column 'regtime' in 'field list'
	at com.mysql.cj.jdbc.exceptions.SQLError.createSQLException(SQLError.java:120)
	at com.mysql.cj.jdbc.exceptions.SQLExceptionsMapping.translateException(SQLExceptionsMapping.java:122)
	at com.mysql.cj.jdbc.ClientPreparedStatement.executeInternal(ClientPreparedStatement.java:916)
	at com.mysql.cj.jdbc.ClientPreparedStatement.execute(ClientPreparedStatement.java:354)
	at com.zaxxer.hikari.pool.ProxyPreparedStatement.execute(ProxyPreparedStatement.java:44)
	at com.zaxxer.hikari.pool.HikariProxyPreparedStatement.execute(HikariProxyPreparedStatement.java)
	at org.apache.ibatis.executor.statement.PreparedStatementHandler.query(PreparedStatementHandler.java:64)
	at org.apache.ibatis.executor.statement.RoutingStatementHandler.query(RoutingStatementHandler.java:79)
	at org.apache.ibatis.executor.SimpleExecutor.doQuery(SimpleExecutor.java:63)
	at org.apache.ibatis.executor.BaseExecutor.queryFromDatabase(BaseExecutor.java:325)
	at org.apache.ibatis.executor.BaseExecutor.query(BaseExecutor.java:156)
	at org.apache.ibatis.executor.CachingExecutor.query(CachingExecutor.java:109)
	at org.apache.ibatis.executor.CachingExecutor.query(CachingExecutor.java:89)
	at org.apache.ibatis.session.defaults.DefaultSqlSession.selectList(DefaultSqlSession.java:151)
	at org.apache.ibatis.session.defaults.DefaultSqlSession.selectList(DefaultSqlSession.java:145)
	at org.apache.ibatis.session.defaults.DefaultSqlSession.selectList(DefaultSqlSession.java:140)
	at org.apache.ibatis.session.defaults.DefaultSqlSession.selectOne(DefaultSqlSession.java:76)
	at sun.reflect.NativeMethodAccessorImpl.invoke0(Native Method)
	at sun.reflect.NativeMethodAccessorImpl.invoke(NativeMethodAccessorImpl.java:62)
	at sun.reflect.DelegatingMethodAccessorImpl.invoke(DelegatingMethodAccessorImpl.java:43)
	at java.lang.reflect.Method.invoke(Method.java:498)
	at org.mybatis.spring.SqlSessionTemplate$SqlSessionInterceptor.invoke(SqlSessionTemplate.java:427)
	at com.sun.proxy.$Proxy78.selectOne(Unknown Source)
	at org.mybatis.spring.SqlSessionTemplate.selectOne(SqlSessionTemplate.java:160)
	at org.apache.ibatis.binding.MapperMethod.execute(MapperMethod.java:87)
	at org.apache.ibatis.binding.MapperProxy$PlainMethodInvoker.invoke(MapperProxy.java:145)
	at org.apache.ibatis.binding.MapperProxy.invoke(MapperProxy.java:86)
	at com.sun.proxy.$Proxy102.getArticle(Unknown Source)
	at com.ssafy.vue.model.service.BoardServiceImpl.getArticle(BoardServiceImpl.java:56)
	at com.ssafy.vue.model.service.BoardServiceImpl$$FastClassBySpringCGLIB$$fc74f1dc.invoke(<generated>)
	at org.springframework.cglib.proxy.MethodProxy.invoke(MethodProxy.java:218)
	at org.springframework.aop.framework.CglibAopProxy.invokeMethod(CglibAopProxy.java:386)
	at org.springframework.aop.framework.CglibAopProxy.access$000(CglibAopProxy.java:85)
	at org.springframework.aop.framework.CglibAopProxy$DynamicAdvisedInterceptor.intercept(CglibAopProxy.java:704)
	at com.ssafy.vue.model.service.BoardServiceImpl$$EnhancerBySpringCGLIB$$d06bc845.getArticle(<generated>)
	at com.ssafy.vue.controller.BoardController.getArticle(BoardController.java:63)
	at sun.reflect.NativeMethodAccessorImpl.invoke0(Native Method)
	at sun.reflect.NativeMethodAccessorImpl.invoke(NativeMethodAccessorImpl.java:62)
	at sun.reflect.DelegatingMethodAccessorImpl.invoke(DelegatingMethodAccessorImpl.java:43)
	at java.lang.reflect.Method.invoke(Method.java:498)
	at org.springframework.web.method.support.InvocableHandlerMethod.doInvoke(InvocableHandlerMethod.java:205)
	at org.springframework.web.method.support.InvocableHandlerMethod.invokeForRequest(InvocableHandlerMethod.java:150)
	at org.springframework.web.servlet.mvc.method.annotation.ServletInvocableHandlerMethod.invokeAndHandle(ServletInvocableHandlerMethod.java:117)
	at org.springframework.web.servlet.mvc.method.annotation.RequestMappingHandlerAdapter.invokeHandlerMethod(RequestMappingHandlerAdapter.java:895)
	at org.springframework.web.servlet.mvc.method.annotation.RequestMappingHandlerAdapter.handleInternal(RequestMappingHandlerAdapter.java:808)
	at org.springframework.web.servlet.mvc.method.AbstractHandlerMethodAdapter.handle(AbstractHandlerMethodAdapter.java:87)
	at org.springframework.web.servlet.DispatcherServlet.doDispatch(DispatcherServlet.java:1071)
	at org.springframework.web.servlet.DispatcherServlet.doService(DispatcherServlet.java:964)
	at org.springframework.web.servlet.FrameworkServlet.processRequest(FrameworkServlet.java:1006)
	at org.springframework.web.servlet.FrameworkServlet.doGet(FrameworkServlet.java:898)
	at javax.servlet.http.HttpServlet.service(HttpServlet.java:670)
	at org.springframework.web.servlet.FrameworkServlet.service(FrameworkServlet.java:883)
	at javax.servlet.http.HttpServlet.service(HttpServlet.java:779)
	at org.apache.catalina.core.ApplicationFilterChain.internalDoFilter(ApplicationFilterChain.java:227)
	at org.apache.catalina.core.ApplicationFilterChain.doFilter(ApplicationFilterChain.java:162)
	at org.apache.tomcat.websocket.server.WsFilter.doFilter(WsFilter.java:53)
	at org.apache.catalina.core.ApplicationFilterChain.internalDoFilter(ApplicationFilterChain.java:189)
	at org.apache.catalina.core.ApplicationFilterChain.doFilter(ApplicationFilterChain.java:162)
	at org.springframework.web.filter.CharacterEncodingFilter.doFilterInternal(CharacterEncodingFilter.java:201)
	at org.springframework.web.filter.OncePerRequestFilter.doFilter(OncePerRequestFilter.java:117)
	at org.apache.catalina.core.ApplicationFilterChain.internalDoFilter(ApplicationFilterChain.java:189)
	at org.apache.catalina.core.ApplicationFilterChain.doFilter(ApplicationFilterChain.java:162)
	at org.apache.catalina.core.StandardWrapperValve.invoke(StandardWrapperValve.java:197)
	at org.apache.catalina.core.StandardContextValve.invoke(StandardContextValve.java:97)
	at org.apache.catalina.authenticator.AuthenticatorBase.invoke(AuthenticatorBase.java:541)
	at org.apache.catalina.core.StandardHostValve.invoke(StandardHostValve.java:135)
	at org.apache.catalina.valves.ErrorReportValve.invoke(ErrorReportValve.java:92)
	at org.apache.catalina.core.StandardEngineValve.invoke(StandardEngineValve.java:78)
	at org.apache.catalina.connector.CoyoteAdapter.service(CoyoteAdapter.java:360)
	at org.apache.coyote.http11.Http11Processor.service(Http11Processor.java:399)
	at org.apache.coyote.AbstractProcessorLight.process(AbstractProcessorLight.java:65)
	at org.apache.coyote.AbstractProtocol$ConnectionHandler.process(AbstractProtocol.java:893)
	at org.apache.tomcat.util.net.NioEndpoint$SocketProcessor.doRun(NioEndpoint.java:1789)
	at org.apache.tomcat.util.net.SocketProcessorBase.run(SocketProcessorBase.java:49)
	at org.apache.tomcat.util.threads.ThreadPoolExecutor.runWorker(ThreadPoolExecutor.java:1191)
	at org.apache.tomcat.util.threads.ThreadPoolExecutor$Worker.run(ThreadPoolExecutor.java:659)
	at org.apache.tomcat.util.threads.TaskThread$WrappingRunnable.run(TaskThread.java:61)
	at java.lang.Thread.run(Thread.java:748)

[2m2022-11-18 02:38:13.252[0;39m [32m INFO[0;39m [35m5748[0;39m [2m---[0;39m [2m[n(11)-127.0.0.1][0;39m [36minMXBeanRegistrar$SpringApplicationAdmin[0;39m [2m:[0;39m Application shutdown requested.
[2m2022-11-18 02:38:13.355[0;39m [33m WARN[0;39m [35m5748[0;39m [2m---[0;39m [2m[n(11)-127.0.0.1][0;39m [36mo.a.c.loader.WebappClassLoaderBase      [0;39m [2m:[0;39m The web application [vue] appears to have started a thread named [HikariPool-1 housekeeper] but has failed to stop it. This is very likely to create a memory leak. Stack trace of thread:
 sun.misc.Unsafe.park(Native Method)
 java.util.concurrent.locks.LockSupport.parkNanos(LockSupport.java:215)
 java.util.concurrent.locks.AbstractQueuedSynchronizer$ConditionObject.awaitNanos(AbstractQueuedSynchronizer.java:2078)
 java.util.concurrent.ScheduledThreadPoolExecutor$DelayedWorkQueue.take(ScheduledThreadPoolExecutor.java:1093)
 java.util.concurrent.ScheduledThreadPoolExecutor$DelayedWorkQueue.take(ScheduledThreadPoolExecutor.java:809)
 java.util.concurrent.ThreadPoolExecutor.getTask(ThreadPoolExecutor.java:1074)
 java.util.concurrent.ThreadPoolExecutor.runWorker(ThreadPoolExecutor.java:1134)
 java.util.concurrent.ThreadPoolExecutor$Worker.run(ThreadPoolExecutor.java:624)
 java.lang.Thread.run(Thread.java:748)
[2m2022-11-18 02:38:22.600[0;39m [33m WARN[0;39m [35m21568[0;39m [2m---[0;39m [2m[           main][0;39m [36mo.m.s.mapper.ClassPathMapperScanner     [0;39m [2m:[0;39m Skipping MapperFactoryBean with name 'boardMapper' and 'com.ssafy.vue.model.mapper.BoardMapper' mapperInterface. Bean already defined with the same name!
[2m2022-11-18 02:38:22.601[0;39m [33m WARN[0;39m [35m21568[0;39m [2m---[0;39m [2m[           main][0;39m [36mo.m.s.mapper.ClassPathMapperScanner     [0;39m [2m:[0;39m Skipping MapperFactoryBean with name 'houseMapMapper' and 'com.ssafy.vue.model.mapper.HouseMapMapper' mapperInterface. Bean already defined with the same name!
[2m2022-11-18 02:38:22.602[0;39m [33m WARN[0;39m [35m21568[0;39m [2m---[0;39m [2m[           main][0;39m [36mo.m.s.mapper.ClassPathMapperScanner     [0;39m [2m:[0;39m Skipping MapperFactoryBean with name 'memberMapper' and 'com.ssafy.vue.model.mapper.MemberMapper' mapperInterface. Bean already defined with the same name!
[2m2022-11-18 02:38:22.602[0;39m [33m WARN[0;39m [35m21568[0;39m [2m---[0;39m [2m[           main][0;39m [36mo.m.s.mapper.ClassPathMapperScanner     [0;39m [2m:[0;39m No MyBatis mapper was found in '[com.ssafy.vue.model.mapper]' package. Please check your configuration.
[2m2022-11-18 02:38:22.879[0;39m [32m INFO[0;39m [35m21568[0;39m [2m---[0;39m [2m[           main][0;39m [36mo.s.b.w.embedded.tomcat.TomcatWebServer [0;39m [2m:[0;39m Tomcat initialized with port(s): 9999 (http)
[2m2022-11-18 02:38:23.138[0;39m [32m INFO[0;39m [35m21568[0;39m [2m---[0;39m [2m[           main][0;39m [36mw.s.c.ServletWebServerApplicationContext[0;39m [2m:[0;39m Root WebApplicationContext: initialization completed in 1105 ms
[2m2022-11-18 02:38:23.839[0;39m [32m INFO[0;39m [35m21568[0;39m [2m---[0;39m [2m[           main][0;39m [36mo.s.b.w.embedded.tomcat.TomcatWebServer [0;39m [2m:[0;39m Tomcat started on port(s): 9999 (http) with context path '/vue'
[2m2022-11-18 02:38:29.430[0;39m [32m INFO[0;39m [35m21568[0;39m [2m---[0;39m [2m[nio-9999-exec-2][0;39m [36mo.s.web.servlet.DispatcherServlet       [0;39m [2m:[0;39m Initializing Servlet 'dispatcherServlet'
[2m2022-11-18 02:38:29.431[0;39m [32m INFO[0;39m [35m21568[0;39m [2m---[0;39m [2m[nio-9999-exec-2][0;39m [36mo.s.web.servlet.DispatcherServlet       [0;39m [2m:[0;39m Completed initialization in 1 ms
[2m2022-11-18 02:38:29.451[0;39m [32m INFO[0;39m [35m21568[0;39m [2m---[0;39m [2m[nio-9999-exec-2][0;39m [36mc.ssafy.vue.controller.BoardController  [0;39m [2m:[0;39m getArticle - 호출 : 1
[2m2022-11-18 02:38:37.823[0;39m [32m INFO[0;39m [35m21568[0;39m [2m---[0;39m [2m[nio-9999-exec-3][0;39m [36mc.ssafy.vue.controller.BoardController  [0;39m [2m:[0;39m listArticle - 호출
[2m2022-11-18 02:38:42.428[0;39m [32m INFO[0;39m [35m21568[0;39m [2m---[0;39m [2m[nio-9999-exec-4][0;39m [36mc.ssafy.vue.controller.BoardController  [0;39m [2m:[0;39m getArticle - 호출 : 2
[2m2022-11-18 02:38:48.701[0;39m [32m INFO[0;39m [35m21568[0;39m [2m---[0;39m [2m[nio-9999-exec-6][0;39m [36mc.ssafy.vue.controller.BoardController  [0;39m [2m:[0;39m getArticle - 호출 : 2
[2m2022-11-18 02:39:45.370[0;39m [32m INFO[0;39m [35m21568[0;39m [2m---[0;39m [2m[nio-9999-exec-5][0;39m [36mc.ssafy.vue.controller.BoardController  [0;39m [2m:[0;39m listArticle - 호출
[2m2022-11-18 02:39:50.028[0;39m [32m INFO[0;39m [35m21568[0;39m [2m---[0;39m [2m[nio-9999-exec-8][0;39m [36mc.ssafy.vue.controller.BoardController  [0;39m [2m:[0;39m listArticle - 호출
[2m2022-11-18 02:39:55.620[0;39m [32m INFO[0;39m [35m21568[0;39m [2m---[0;39m [2m[n(12)-127.0.0.1][0;39m [36minMXBeanRegistrar$SpringApplicationAdmin[0;39m [2m:[0;39m Application shutdown requested.
[2m2022-11-18 02:39:55.742[0;39m [33m WARN[0;39m [35m21568[0;39m [2m---[0;39m [2m[n(12)-127.0.0.1][0;39m [36mo.a.c.loader.WebappClassLoaderBase      [0;39m [2m:[0;39m The web application [vue] appears to have started a thread named [HikariPool-1 housekeeper] but has failed to stop it. This is very likely to create a memory leak. Stack trace of thread:
 sun.misc.Unsafe.park(Native Method)
 java.util.concurrent.locks.LockSupport.parkNanos(LockSupport.java:215)
 java.util.concurrent.locks.AbstractQueuedSynchronizer$ConditionObject.awaitNanos(AbstractQueuedSynchronizer.java:2078)
 java.util.concurrent.ScheduledThreadPoolExecutor$DelayedWorkQueue.take(ScheduledThreadPoolExecutor.java:1093)
 java.util.concurrent.ScheduledThreadPoolExecutor$DelayedWorkQueue.take(ScheduledThreadPoolExecutor.java:809)
 java.util.concurrent.ThreadPoolExecutor.getTask(ThreadPoolExecutor.java:1074)
 java.util.concurrent.ThreadPoolExecutor.runWorker(ThreadPoolExecutor.java:1134)
 java.util.concurrent.ThreadPoolExecutor$Worker.run(ThreadPoolExecutor.java:624)
 java.lang.Thread.run(Thread.java:748)
[2m2022-11-18 02:40:02.282[0;39m [33m WARN[0;39m [35m36356[0;39m [2m---[0;39m [2m[           main][0;39m [36mo.m.s.mapper.ClassPathMapperScanner     [0;39m [2m:[0;39m Skipping MapperFactoryBean with name 'boardMapper' and 'com.ssafy.vue.model.mapper.BoardMapper' mapperInterface. Bean already defined with the same name!
[2m2022-11-18 02:40:02.284[0;39m [33m WARN[0;39m [35m36356[0;39m [2m---[0;39m [2m[           main][0;39m [36mo.m.s.mapper.ClassPathMapperScanner     [0;39m [2m:[0;39m Skipping MapperFactoryBean with name 'houseMapMapper' and 'com.ssafy.vue.model.mapper.HouseMapMapper' mapperInterface. Bean already defined with the same name!
[2m2022-11-18 02:40:02.285[0;39m [33m WARN[0;39m [35m36356[0;39m [2m---[0;39m [2m[           main][0;39m [36mo.m.s.mapper.ClassPathMapperScanner     [0;39m [2m:[0;39m Skipping MapperFactoryBean with name 'memberMapper' and 'com.ssafy.vue.model.mapper.MemberMapper' mapperInterface. Bean already defined with the same name!
[2m2022-11-18 02:40:02.285[0;39m [33m WARN[0;39m [35m36356[0;39m [2m---[0;39m [2m[           main][0;39m [36mo.m.s.mapper.ClassPathMapperScanner     [0;39m [2m:[0;39m No MyBatis mapper was found in '[com.ssafy.vue.model.mapper]' package. Please check your configuration.
[2m2022-11-18 02:40:02.586[0;39m [32m INFO[0;39m [35m36356[0;39m [2m---[0;39m [2m[           main][0;39m [36mo.s.b.w.embedded.tomcat.TomcatWebServer [0;39m [2m:[0;39m Tomcat initialized with port(s): 9999 (http)
[2m2022-11-18 02:40:02.844[0;39m [32m INFO[0;39m [35m36356[0;39m [2m---[0;39m [2m[           main][0;39m [36mw.s.c.ServletWebServerApplicationContext[0;39m [2m:[0;39m Root WebApplicationContext: initialization completed in 1128 ms
[2m2022-11-18 02:40:03.516[0;39m [32m INFO[0;39m [35m36356[0;39m [2m---[0;39m [2m[           main][0;39m [36mo.s.b.w.embedded.tomcat.TomcatWebServer [0;39m [2m:[0;39m Tomcat started on port(s): 9999 (http) with context path '/vue'
[2m2022-11-18 02:40:05.742[0;39m [32m INFO[0;39m [35m36356[0;39m [2m---[0;39m [2m[nio-9999-exec-2][0;39m [36mo.s.web.servlet.DispatcherServlet       [0;39m [2m:[0;39m Initializing Servlet 'dispatcherServlet'
[2m2022-11-18 02:40:05.743[0;39m [32m INFO[0;39m [35m36356[0;39m [2m---[0;39m [2m[nio-9999-exec-2][0;39m [36mo.s.web.servlet.DispatcherServlet       [0;39m [2m:[0;39m Completed initialization in 0 ms
[2m2022-11-18 02:40:05.767[0;39m [32m INFO[0;39m [35m36356[0;39m [2m---[0;39m [2m[nio-9999-exec-2][0;39m [36mc.ssafy.vue.controller.BoardController  [0;39m [2m:[0;39m listArticle - 호출
[2m2022-11-18 02:43:40.283[0;39m [32m INFO[0;39m [35m36356[0;39m [2m---[0;39m [2m[n(14)-127.0.0.1][0;39m [36minMXBeanRegistrar$SpringApplicationAdmin[0;39m [2m:[0;39m Application shutdown requested.
[2m2022-11-18 02:43:40.389[0;39m [33m WARN[0;39m [35m36356[0;39m [2m---[0;39m [2m[n(14)-127.0.0.1][0;39m [36mo.a.c.loader.WebappClassLoaderBase      [0;39m [2m:[0;39m The web application [vue] appears to have started a thread named [HikariPool-1 housekeeper] but has failed to stop it. This is very likely to create a memory leak. Stack trace of thread:
 sun.misc.Unsafe.park(Native Method)
 java.util.concurrent.locks.LockSupport.parkNanos(LockSupport.java:215)
 java.util.concurrent.locks.AbstractQueuedSynchronizer$ConditionObject.awaitNanos(AbstractQueuedSynchronizer.java:2078)
 java.util.concurrent.ScheduledThreadPoolExecutor$DelayedWorkQueue.take(ScheduledThreadPoolExecutor.java:1093)
 java.util.concurrent.ScheduledThreadPoolExecutor$DelayedWorkQueue.take(ScheduledThreadPoolExecutor.java:809)
 java.util.concurrent.ThreadPoolExecutor.getTask(ThreadPoolExecutor.java:1074)
 java.util.concurrent.ThreadPoolExecutor.runWorker(ThreadPoolExecutor.java:1134)
 java.util.concurrent.ThreadPoolExecutor$Worker.run(ThreadPoolExecutor.java:624)
 java.lang.Thread.run(Thread.java:748)
[2m2022-11-18 02:43:45.812[0;39m [33m WARN[0;39m [35m23824[0;39m [2m---[0;39m [2m[           main][0;39m [36mo.m.s.mapper.ClassPathMapperScanner     [0;39m [2m:[0;39m Skipping MapperFactoryBean with name 'boardMapper' and 'com.ssafy.vue.model.mapper.BoardMapper' mapperInterface. Bean already defined with the same name!
[2m2022-11-18 02:43:45.813[0;39m [33m WARN[0;39m [35m23824[0;39m [2m---[0;39m [2m[           main][0;39m [36mo.m.s.mapper.ClassPathMapperScanner     [0;39m [2m:[0;39m Skipping MapperFactoryBean with name 'houseMapMapper' and 'com.ssafy.vue.model.mapper.HouseMapMapper' mapperInterface. Bean already defined with the same name!
[2m2022-11-18 02:43:45.813[0;39m [33m WARN[0;39m [35m23824[0;39m [2m---[0;39m [2m[           main][0;39m [36mo.m.s.mapper.ClassPathMapperScanner     [0;39m [2m:[0;39m Skipping MapperFactoryBean with name 'memberMapper' and 'com.ssafy.vue.model.mapper.MemberMapper' mapperInterface. Bean already defined with the same name!
[2m2022-11-18 02:43:45.813[0;39m [33m WARN[0;39m [35m23824[0;39m [2m---[0;39m [2m[           main][0;39m [36mo.m.s.mapper.ClassPathMapperScanner     [0;39m [2m:[0;39m No MyBatis mapper was found in '[com.ssafy.vue.model.mapper]' package. Please check your configuration.
[2m2022-11-18 02:43:46.067[0;39m [32m INFO[0;39m [35m23824[0;39m [2m---[0;39m [2m[           main][0;39m [36mo.s.b.w.embedded.tomcat.TomcatWebServer [0;39m [2m:[0;39m Tomcat initialized with port(s): 9999 (http)
[2m2022-11-18 02:43:46.300[0;39m [32m INFO[0;39m [35m23824[0;39m [2m---[0;39m [2m[           main][0;39m [36mw.s.c.ServletWebServerApplicationContext[0;39m [2m:[0;39m Root WebApplicationContext: initialization completed in 1017 ms
[2m2022-11-18 02:43:46.920[0;39m [32m INFO[0;39m [35m23824[0;39m [2m---[0;39m [2m[           main][0;39m [36mo.s.b.w.embedded.tomcat.TomcatWebServer [0;39m [2m:[0;39m Tomcat started on port(s): 9999 (http) with context path '/vue'
[2m2022-11-18 02:43:53.542[0;39m [32m INFO[0;39m [35m23824[0;39m [2m---[0;39m [2m[on(6)-127.0.0.1][0;39m [36minMXBeanRegistrar$SpringApplicationAdmin[0;39m [2m:[0;39m Application shutdown requested.
[2m2022-11-18 02:44:10.497[0;39m [33m WARN[0;39m [35m6140[0;39m [2m---[0;39m [2m[           main][0;39m [36mo.m.s.mapper.ClassPathMapperScanner     [0;39m [2m:[0;39m Skipping MapperFactoryBean with name 'boardMapper' and 'com.ssafy.vue.model.mapper.BoardMapper' mapperInterface. Bean already defined with the same name!
[2m2022-11-18 02:44:10.499[0;39m [33m WARN[0;39m [35m6140[0;39m [2m---[0;39m [2m[           main][0;39m [36mo.m.s.mapper.ClassPathMapperScanner     [0;39m [2m:[0;39m Skipping MapperFactoryBean with name 'houseMapMapper' and 'com.ssafy.vue.model.mapper.HouseMapMapper' mapperInterface. Bean already defined with the same name!
[2m2022-11-18 02:44:10.499[0;39m [33m WARN[0;39m [35m6140[0;39m [2m---[0;39m [2m[           main][0;39m [36mo.m.s.mapper.ClassPathMapperScanner     [0;39m [2m:[0;39m Skipping MapperFactoryBean with name 'memberMapper' and 'com.ssafy.vue.model.mapper.MemberMapper' mapperInterface. Bean already defined with the same name!
[2m2022-11-18 02:44:10.499[0;39m [33m WARN[0;39m [35m6140[0;39m [2m---[0;39m [2m[           main][0;39m [36mo.m.s.mapper.ClassPathMapperScanner     [0;39m [2m:[0;39m No MyBatis mapper was found in '[com.ssafy.vue.model.mapper]' package. Please check your configuration.
[2m2022-11-18 02:44:10.750[0;39m [32m INFO[0;39m [35m6140[0;39m [2m---[0;39m [2m[           main][0;39m [36mo.s.b.w.embedded.tomcat.TomcatWebServer [0;39m [2m:[0;39m Tomcat initialized with port(s): 9999 (http)
[2m2022-11-18 02:44:10.990[0;39m [32m INFO[0;39m [35m6140[0;39m [2m---[0;39m [2m[           main][0;39m [36mw.s.c.ServletWebServerApplicationContext[0;39m [2m:[0;39m Root WebApplicationContext: initialization completed in 1005 ms
[2m2022-11-18 02:44:11.616[0;39m [32m INFO[0;39m [35m6140[0;39m [2m---[0;39m [2m[           main][0;39m [36mo.s.b.w.embedded.tomcat.TomcatWebServer [0;39m [2m:[0;39m Tomcat started on port(s): 9999 (http) with context path '/vue'
[2m2022-11-18 02:44:26.040[0;39m [32m INFO[0;39m [35m6140[0;39m [2m---[0;39m [2m[nio-9999-exec-3][0;39m [36mo.s.web.servlet.DispatcherServlet       [0;39m [2m:[0;39m Initializing Servlet 'dispatcherServlet'
[2m2022-11-18 02:44:26.041[0;39m [32m INFO[0;39m [35m6140[0;39m [2m---[0;39m [2m[nio-9999-exec-3][0;39m [36mo.s.web.servlet.DispatcherServlet       [0;39m [2m:[0;39m Completed initialization in 1 ms
[2m2022-11-18 02:44:26.063[0;39m [32m INFO[0;39m [35m6140[0;39m [2m---[0;39m [2m[nio-9999-exec-3][0;39m [36mc.ssafy.vue.controller.BoardController  [0;39m [2m:[0;39m listArticle - 호출
[2m2022-11-18 02:44:26.077[0;39m [31mERROR[0;39m [35m6140[0;39m [2m---[0;39m [2m[nio-9999-exec-3][0;39m [36mo.a.c.c.C.[.[.[.[dispatcherServlet]     [0;39m [2m:[0;39m Servlet.service() for servlet [dispatcherServlet] in context with path [/vue] threw exception [Request processing failed; nested exception is java.lang.IllegalArgumentException: Result Maps collection does not contain value for com.ssafy.vue.model.mapper.BoardMapper.boardDto] with root cause

java.lang.IllegalArgumentException: Result Maps collection does not contain value for com.ssafy.vue.model.mapper.BoardMapper.boardDto
	at org.apache.ibatis.session.Configuration$StrictMap.get(Configuration.java:1054)
	at org.apache.ibatis.session.Configuration.getResultMap(Configuration.java:763)
	at org.apache.ibatis.builder.MapperBuilderAssistant.getStatementResultMaps(MapperBuilderAssistant.java:394)
	at org.apache.ibatis.builder.MapperBuilderAssistant.addMappedStatement(MapperBuilderAssistant.java:285)
	at org.apache.ibatis.builder.xml.XMLStatementBuilder.parseStatementNode(XMLStatementBuilder.java:113)
	at org.apache.ibatis.session.Configuration.lambda$buildAllStatements$2(Configuration.java:905)
	at java.util.Collection.removeIf(Collection.java:414)
	at org.apache.ibatis.session.Configuration.buildAllStatements(Configuration.java:904)
	at org.apache.ibatis.session.Configuration.hasStatement(Configuration.java:881)
	at org.apache.ibatis.session.Configuration.hasStatement(Configuration.java:876)
	at org.apache.ibatis.binding.MapperMethod$SqlCommand.resolveMappedStatement(MapperMethod.java:257)
	at org.apache.ibatis.binding.MapperMethod$SqlCommand.<init>(MapperMethod.java:227)
	at org.apache.ibatis.binding.MapperMethod.<init>(MapperMethod.java:53)
	at org.apache.ibatis.binding.MapperProxy.lambda$cachedInvoker$0(MapperProxy.java:108)
	at java.util.concurrent.ConcurrentHashMap.computeIfAbsent(ConcurrentHashMap.java:1660)
	at org.apache.ibatis.util.MapUtil.computeIfAbsent(MapUtil.java:35)
	at org.apache.ibatis.binding.MapperProxy.cachedInvoker(MapperProxy.java:95)
	at org.apache.ibatis.binding.MapperProxy.invoke(MapperProxy.java:86)
	at com.sun.proxy.$Proxy102.listArticle(Unknown Source)
	at com.ssafy.vue.model.service.BoardServiceImpl.listArticle(BoardServiceImpl.java:33)
	at com.ssafy.vue.model.service.BoardServiceImpl$$FastClassBySpringCGLIB$$fc74f1dc.invoke(<generated>)
	at org.springframework.cglib.proxy.MethodProxy.invoke(MethodProxy.java:218)
	at org.springframework.aop.framework.CglibAopProxy.invokeMethod(CglibAopProxy.java:386)
	at org.springframework.aop.framework.CglibAopProxy.access$000(CglibAopProxy.java:85)
	at org.springframework.aop.framework.CglibAopProxy$DynamicAdvisedInterceptor.intercept(CglibAopProxy.java:704)
	at com.ssafy.vue.model.service.BoardServiceImpl$$EnhancerBySpringCGLIB$$d06bc845.listArticle(<generated>)
	at com.ssafy.vue.controller.BoardController.listArticle(BoardController.java:55)
	at sun.reflect.NativeMethodAccessorImpl.invoke0(Native Method)
	at sun.reflect.NativeMethodAccessorImpl.invoke(NativeMethodAccessorImpl.java:62)
	at sun.reflect.DelegatingMethodAccessorImpl.invoke(DelegatingMethodAccessorImpl.java:43)
	at java.lang.reflect.Method.invoke(Method.java:498)
	at org.springframework.web.method.support.InvocableHandlerMethod.doInvoke(InvocableHandlerMethod.java:205)
	at org.springframework.web.method.support.InvocableHandlerMethod.invokeForRequest(InvocableHandlerMethod.java:150)
	at org.springframework.web.servlet.mvc.method.annotation.ServletInvocableHandlerMethod.invokeAndHandle(ServletInvocableHandlerMethod.java:117)
	at org.springframework.web.servlet.mvc.method.annotation.RequestMappingHandlerAdapter.invokeHandlerMethod(RequestMappingHandlerAdapter.java:895)
	at org.springframework.web.servlet.mvc.method.annotation.RequestMappingHandlerAdapter.handleInternal(RequestMappingHandlerAdapter.java:808)
	at org.springframework.web.servlet.mvc.method.AbstractHandlerMethodAdapter.handle(AbstractHandlerMethodAdapter.java:87)
	at org.springframework.web.servlet.DispatcherServlet.doDispatch(DispatcherServlet.java:1071)
	at org.springframework.web.servlet.DispatcherServlet.doService(DispatcherServlet.java:964)
	at org.springframework.web.servlet.FrameworkServlet.processRequest(FrameworkServlet.java:1006)
	at org.springframework.web.servlet.FrameworkServlet.doGet(FrameworkServlet.java:898)
	at javax.servlet.http.HttpServlet.service(HttpServlet.java:670)
	at org.springframework.web.servlet.FrameworkServlet.service(FrameworkServlet.java:883)
	at javax.servlet.http.HttpServlet.service(HttpServlet.java:779)
	at org.apache.catalina.core.ApplicationFilterChain.internalDoFilter(ApplicationFilterChain.java:227)
	at org.apache.catalina.core.ApplicationFilterChain.doFilter(ApplicationFilterChain.java:162)
	at org.apache.tomcat.websocket.server.WsFilter.doFilter(WsFilter.java:53)
	at org.apache.catalina.core.ApplicationFilterChain.internalDoFilter(ApplicationFilterChain.java:189)
	at org.apache.catalina.core.ApplicationFilterChain.doFilter(ApplicationFilterChain.java:162)
	at org.springframework.web.filter.CharacterEncodingFilter.doFilterInternal(CharacterEncodingFilter.java:201)
	at org.springframework.web.filter.OncePerRequestFilter.doFilter(OncePerRequestFilter.java:117)
	at org.apache.catalina.core.ApplicationFilterChain.internalDoFilter(ApplicationFilterChain.java:189)
	at org.apache.catalina.core.ApplicationFilterChain.doFilter(ApplicationFilterChain.java:162)
	at org.apache.catalina.core.StandardWrapperValve.invoke(StandardWrapperValve.java:197)
	at org.apache.catalina.core.StandardContextValve.invoke(StandardContextValve.java:97)
	at org.apache.catalina.authenticator.AuthenticatorBase.invoke(AuthenticatorBase.java:541)
	at org.apache.catalina.core.StandardHostValve.invoke(StandardHostValve.java:135)
	at org.apache.catalina.valves.ErrorReportValve.invoke(ErrorReportValve.java:92)
	at org.apache.catalina.core.StandardEngineValve.invoke(StandardEngineValve.java:78)
	at org.apache.catalina.connector.CoyoteAdapter.service(CoyoteAdapter.java:360)
	at org.apache.coyote.http11.Http11Processor.service(Http11Processor.java:399)
	at org.apache.coyote.AbstractProcessorLight.process(AbstractProcessorLight.java:65)
	at org.apache.coyote.AbstractProtocol$ConnectionHandler.process(AbstractProtocol.java:893)
	at org.apache.tomcat.util.net.NioEndpoint$SocketProcessor.doRun(NioEndpoint.java:1789)
	at org.apache.tomcat.util.net.SocketProcessorBase.run(SocketProcessorBase.java:49)
	at org.apache.tomcat.util.threads.ThreadPoolExecutor.runWorker(ThreadPoolExecutor.java:1191)
	at org.apache.tomcat.util.threads.ThreadPoolExecutor$Worker.run(ThreadPoolExecutor.java:659)
	at org.apache.tomcat.util.threads.TaskThread$WrappingRunnable.run(TaskThread.java:61)
	at java.lang.Thread.run(Thread.java:748)

[2m2022-11-18 02:44:47.382[0;39m [32m INFO[0;39m [35m6140[0;39m [2m---[0;39m [2m[n(10)-127.0.0.1][0;39m [36minMXBeanRegistrar$SpringApplicationAdmin[0;39m [2m:[0;39m Application shutdown requested.
[2m2022-11-18 02:44:53.647[0;39m [33m WARN[0;39m [35m28812[0;39m [2m---[0;39m [2m[           main][0;39m [36mo.m.s.mapper.ClassPathMapperScanner     [0;39m [2m:[0;39m Skipping MapperFactoryBean with name 'boardMapper' and 'com.ssafy.vue.model.mapper.BoardMapper' mapperInterface. Bean already defined with the same name!
[2m2022-11-18 02:44:53.648[0;39m [33m WARN[0;39m [35m28812[0;39m [2m---[0;39m [2m[           main][0;39m [36mo.m.s.mapper.ClassPathMapperScanner     [0;39m [2m:[0;39m Skipping MapperFactoryBean with name 'houseMapMapper' and 'com.ssafy.vue.model.mapper.HouseMapMapper' mapperInterface. Bean already defined with the same name!
[2m2022-11-18 02:44:53.649[0;39m [33m WARN[0;39m [35m28812[0;39m [2m---[0;39m [2m[           main][0;39m [36mo.m.s.mapper.ClassPathMapperScanner     [0;39m [2m:[0;39m Skipping MapperFactoryBean with name 'memberMapper' and 'com.ssafy.vue.model.mapper.MemberMapper' mapperInterface. Bean already defined with the same name!
[2m2022-11-18 02:44:53.649[0;39m [33m WARN[0;39m [35m28812[0;39m [2m---[0;39m [2m[           main][0;39m [36mo.m.s.mapper.ClassPathMapperScanner     [0;39m [2m:[0;39m No MyBatis mapper was found in '[com.ssafy.vue.model.mapper]' package. Please check your configuration.
[2m2022-11-18 02:44:53.896[0;39m [32m INFO[0;39m [35m28812[0;39m [2m---[0;39m [2m[           main][0;39m [36mo.s.b.w.embedded.tomcat.TomcatWebServer [0;39m [2m:[0;39m Tomcat initialized with port(s): 9999 (http)
[2m2022-11-18 02:44:54.112[0;39m [32m INFO[0;39m [35m28812[0;39m [2m---[0;39m [2m[           main][0;39m [36mw.s.c.ServletWebServerApplicationContext[0;39m [2m:[0;39m Root WebApplicationContext: initialization completed in 955 ms
[2m2022-11-18 02:44:54.271[0;39m [33m WARN[0;39m [35m28812[0;39m [2m---[0;39m [2m[           main][0;39m [36mConfigServletWebServerApplicationContext[0;39m [2m:[0;39m Exception encountered during context initialization - cancelling refresh attempt: org.springframework.beans.factory.UnsatisfiedDependencyException: Error creating bean with name 'boardController': Unsatisfied dependency expressed through field 'boardService'; nested exception is org.springframework.beans.factory.UnsatisfiedDependencyException: Error creating bean with name 'boardServiceImpl': Unsatisfied dependency expressed through field 'sqlSession'; nested exception is org.springframework.beans.factory.UnsatisfiedDependencyException: Error creating bean with name 'sqlSessionTemplate' defined in class path resource [org/mybatis/spring/boot/autoconfigure/MybatisAutoConfiguration.class]: Unsatisfied dependency expressed through method 'sqlSessionTemplate' parameter 0; nested exception is org.springframework.beans.factory.BeanCreationException: Error creating bean with name 'sqlSessionFactory' defined in class path resource [org/mybatis/spring/boot/autoconfigure/MybatisAutoConfiguration.class]: Bean instantiation via factory method failed; nested exception is org.springframework.beans.BeanInstantiationException: Failed to instantiate [org.apache.ibatis.session.SqlSessionFactory]: Factory method 'sqlSessionFactory' threw exception; nested exception is org.springframework.core.NestedIOException: Failed to parse mapping resource: 'file [C:\Users\PC\OneDrive\바탕 화면\ssafy\spring\VueAPI\target\classes\mappers\board.xml]'; nested exception is org.apache.ibatis.builder.BuilderException: Error parsing Mapper XML. The XML location is 'file [C:\Users\PC\OneDrive\바탕 화면\ssafy\spring\VueAPI\target\classes\mappers\board.xml]'. Cause: org.apache.ibatis.builder.BuilderException: Error resolving class. Cause: org.apache.ibatis.type.TypeException: Could not resolve type alias 'board'.  Cause: java.lang.ClassNotFoundException: Cannot find class: board
[2m2022-11-18 02:44:54.280[0;39m [32m INFO[0;39m [35m28812[0;39m [2m---[0;39m [2m[           main][0;39m [36mConditionEvaluationReportLoggingListener[0;39m [2m:[0;39m 

Error starting ApplicationContext. To display the conditions report re-run your application with 'debug' enabled.
[2m2022-11-18 02:44:54.302[0;39m [31mERROR[0;39m [35m28812[0;39m [2m---[0;39m [2m[           main][0;39m [36mo.s.boot.SpringApplication              [0;39m [2m:[0;39m Application run failed

org.springframework.beans.factory.UnsatisfiedDependencyException: Error creating bean with name 'boardController': Unsatisfied dependency expressed through field 'boardService'; nested exception is org.springframework.beans.factory.UnsatisfiedDependencyException: Error creating bean with name 'boardServiceImpl': Unsatisfied dependency expressed through field 'sqlSession'; nested exception is org.springframework.beans.factory.UnsatisfiedDependencyException: Error creating bean with name 'sqlSessionTemplate' defined in class path resource [org/mybatis/spring/boot/autoconfigure/MybatisAutoConfiguration.class]: Unsatisfied dependency expressed through method 'sqlSessionTemplate' parameter 0; nested exception is org.springframework.beans.factory.BeanCreationException: Error creating bean with name 'sqlSessionFactory' defined in class path resource [org/mybatis/spring/boot/autoconfigure/MybatisAutoConfiguration.class]: Bean instantiation via factory method failed; nested exception is org.springframework.beans.BeanInstantiationException: Failed to instantiate [org.apache.ibatis.session.SqlSessionFactory]: Factory method 'sqlSessionFactory' threw exception; nested exception is org.springframework.core.NestedIOException: Failed to parse mapping resource: 'file [C:\Users\PC\OneDrive\바탕 화면\ssafy\spring\VueAPI\target\classes\mappers\board.xml]'; nested exception is org.apache.ibatis.builder.BuilderException: Error parsing Mapper XML. The XML location is 'file [C:\Users\PC\OneDrive\바탕 화면\ssafy\spring\VueAPI\target\classes\mappers\board.xml]'. Cause: org.apache.ibatis.builder.BuilderException: Error resolving class. Cause: org.apache.ibatis.type.TypeException: Could not resolve type alias 'board'.  Cause: java.lang.ClassNotFoundException: Cannot find class: board
	at org.springframework.beans.factory.annotation.AutowiredAnnotationBeanPostProcessor$AutowiredFieldElement.resolveFieldValue(AutowiredAnnotationBeanPostProcessor.java:659)
	at org.springframework.beans.factory.annotation.AutowiredAnnotationBeanPostProcessor$AutowiredFieldElement.inject(AutowiredAnnotationBeanPostProcessor.java:639)
	at org.springframework.beans.factory.annotation.InjectionMetadata.inject(InjectionMetadata.java:119)
	at org.springframework.beans.factory.annotation.AutowiredAnnotationBeanPostProcessor.postProcessProperties(AutowiredAnnotationBeanPostProcessor.java:399)
	at org.springframework.beans.factory.support.AbstractAutowireCapableBeanFactory.populateBean(AbstractAutowireCapableBeanFactory.java:1431)
	at org.springframework.beans.factory.support.AbstractAutowireCapableBeanFactory.doCreateBean(AbstractAutowireCapableBeanFactory.java:619)
	at org.springframework.beans.factory.support.AbstractAutowireCapableBeanFactory.createBean(AbstractAutowireCapableBeanFactory.java:542)
	at org.springframework.beans.factory.support.AbstractBeanFactory.lambda$doGetBean$0(AbstractBeanFactory.java:335)
	at org.springframework.beans.factory.support.DefaultSingletonBeanRegistry.getSingleton(DefaultSingletonBeanRegistry.java:234)
	at org.springframework.beans.factory.support.AbstractBeanFactory.doGetBean(AbstractBeanFactory.java:333)
	at org.springframework.beans.factory.support.AbstractBeanFactory.getBean(AbstractBeanFactory.java:208)
	at org.springframework.beans.factory.support.DefaultListableBeanFactory.preInstantiateSingletons(DefaultListableBeanFactory.java:955)
	at org.springframework.context.support.AbstractApplicationContext.finishBeanFactoryInitialization(AbstractApplicationContext.java:918)
	at org.springframework.context.support.AbstractApplicationContext.refresh(AbstractApplicationContext.java:583)
	at org.springframework.boot.web.servlet.context.ServletWebServerApplicationContext.refresh(ServletWebServerApplicationContext.java:147)
	at org.springframework.boot.SpringApplication.refresh(SpringApplication.java:734)
	at org.springframework.boot.SpringApplication.refreshContext(SpringApplication.java:408)
	at org.springframework.boot.SpringApplication.run(SpringApplication.java:308)
	at org.springframework.boot.SpringApplication.run(SpringApplication.java:1306)
	at org.springframework.boot.SpringApplication.run(SpringApplication.java:1295)
	at com.ssafy.vue.VueApiApplication.main(VueApiApplication.java:10)
Caused by: org.springframework.beans.factory.UnsatisfiedDependencyException: Error creating bean with name 'boardServiceImpl': Unsatisfied dependency expressed through field 'sqlSession'; nested exception is org.springframework.beans.factory.UnsatisfiedDependencyException: Error creating bean with name 'sqlSessionTemplate' defined in class path resource [org/mybatis/spring/boot/autoconfigure/MybatisAutoConfiguration.class]: Unsatisfied dependency expressed through method 'sqlSessionTemplate' parameter 0; nested exception is org.springframework.beans.factory.BeanCreationException: Error creating bean with name 'sqlSessionFactory' defined in class path resource [org/mybatis/spring/boot/autoconfigure/MybatisAutoConfiguration.class]: Bean instantiation via factory method failed; nested exception is org.springframework.beans.BeanInstantiationException: Failed to instantiate [org.apache.ibatis.session.SqlSessionFactory]: Factory method 'sqlSessionFactory' threw exception; nested exception is org.springframework.core.NestedIOException: Failed to parse mapping resource: 'file [C:\Users\PC\OneDrive\바탕 화면\ssafy\spring\VueAPI\target\classes\mappers\board.xml]'; nested exception is org.apache.ibatis.builder.BuilderException: Error parsing Mapper XML. The XML location is 'file [C:\Users\PC\OneDrive\바탕 화면\ssafy\spring\VueAPI\target\classes\mappers\board.xml]'. Cause: org.apache.ibatis.builder.BuilderException: Error resolving class. Cause: org.apache.ibatis.type.TypeException: Could not resolve type alias 'board'.  Cause: java.lang.ClassNotFoundException: Cannot find class: board
	at org.springframework.beans.factory.annotation.AutowiredAnnotationBeanPostProcessor$AutowiredFieldElement.resolveFieldValue(AutowiredAnnotationBeanPostProcessor.java:659)
	at org.springframework.beans.factory.annotation.AutowiredAnnotationBeanPostProcessor$AutowiredFieldElement.inject(AutowiredAnnotationBeanPostProcessor.java:639)
	at org.springframework.beans.factory.annotation.InjectionMetadata.inject(InjectionMetadata.java:119)
	at org.springframework.beans.factory.annotation.AutowiredAnnotationBeanPostProcessor.postProcessProperties(AutowiredAnnotationBeanPostProcessor.java:399)
	at org.springframework.beans.factory.support.AbstractAutowireCapableBeanFactory.populateBean(AbstractAutowireCapableBeanFactory.java:1431)
	at org.springframework.beans.factory.support.AbstractAutowireCapableBeanFactory.doCreateBean(AbstractAutowireCapableBeanFactory.java:619)
	at org.springframework.beans.factory.support.AbstractAutowireCapableBeanFactory.createBean(AbstractAutowireCapableBeanFactory.java:542)
	at org.springframework.beans.factory.support.AbstractBeanFactory.lambda$doGetBean$0(AbstractBeanFactory.java:335)
	at org.springframework.beans.factory.support.DefaultSingletonBeanRegistry.getSingleton(DefaultSingletonBeanRegistry.java:234)
	at org.springframework.beans.factory.support.AbstractBeanFactory.doGetBean(AbstractBeanFactory.java:333)
	at org.springframework.beans.factory.support.AbstractBeanFactory.getBean(AbstractBeanFactory.java:208)
	at org.springframework.beans.factory.config.DependencyDescriptor.resolveCandidate(DependencyDescriptor.java:276)
	at org.springframework.beans.factory.support.DefaultListableBeanFactory.doResolveDependency(DefaultListableBeanFactory.java:1391)
	at org.springframework.beans.factory.support.DefaultListableBeanFactory.resolveDependency(DefaultListableBeanFactory.java:1311)
	at org.springframework.beans.factory.annotation.AutowiredAnnotationBeanPostProcessor$AutowiredFieldElement.resolveFieldValue(AutowiredAnnotationBeanPostProcessor.java:656)
	... 20 common frames omitted
Caused by: org.springframework.beans.factory.UnsatisfiedDependencyException: Error creating bean with name 'sqlSessionTemplate' defined in class path resource [org/mybatis/spring/boot/autoconfigure/MybatisAutoConfiguration.class]: Unsatisfied dependency expressed through method 'sqlSessionTemplate' parameter 0; nested exception is org.springframework.beans.factory.BeanCreationException: Error creating bean with name 'sqlSessionFactory' defined in class path resource [org/mybatis/spring/boot/autoconfigure/MybatisAutoConfiguration.class]: Bean instantiation via factory method failed; nested exception is org.springframework.beans.BeanInstantiationException: Failed to instantiate [org.apache.ibatis.session.SqlSessionFactory]: Factory method 'sqlSessionFactory' threw exception; nested exception is org.springframework.core.NestedIOException: Failed to parse mapping resource: 'file [C:\Users\PC\OneDrive\바탕 화면\ssafy\spring\VueAPI\target\classes\mappers\board.xml]'; nested exception is org.apache.ibatis.builder.BuilderException: Error parsing Mapper XML. The XML location is 'file [C:\Users\PC\OneDrive\바탕 화면\ssafy\spring\VueAPI\target\classes\mappers\board.xml]'. Cause: org.apache.ibatis.builder.BuilderException: Error resolving class. Cause: org.apache.ibatis.type.TypeException: Could not resolve type alias 'board'.  Cause: java.lang.ClassNotFoundException: Cannot find class: board
	at org.springframework.beans.factory.support.ConstructorResolver.createArgumentArray(ConstructorResolver.java:800)
	at org.springframework.beans.factory.support.ConstructorResolver.instantiateUsingFactoryMethod(ConstructorResolver.java:541)
	at org.springframework.beans.factory.support.AbstractAutowireCapableBeanFactory.instantiateUsingFactoryMethod(AbstractAutowireCapableBeanFactory.java:1352)
	at org.springframework.beans.factory.support.AbstractAutowireCapableBeanFactory.createBeanInstance(AbstractAutowireCapableBeanFactory.java:1195)
	at org.springframework.beans.factory.support.AbstractAutowireCapableBeanFactory.doCreateBean(AbstractAutowireCapableBeanFactory.java:582)
	at org.springframework.beans.factory.support.AbstractAutowireCapableBeanFactory.createBean(AbstractAutowireCapableBeanFactory.java:542)
	at org.springframework.beans.factory.support.AbstractBeanFactory.lambda$doGetBean$0(AbstractBeanFactory.java:335)
	at org.springframework.beans.factory.support.DefaultSingletonBeanRegistry.getSingleton(DefaultSingletonBeanRegistry.java:234)
	at org.springframework.beans.factory.support.AbstractBeanFactory.doGetBean(AbstractBeanFactory.java:333)
	at org.springframework.beans.factory.support.AbstractBeanFactory.getBean(AbstractBeanFactory.java:208)
	at org.springframework.beans.factory.config.DependencyDescriptor.resolveCandidate(DependencyDescriptor.java:276)
	at org.springframework.beans.factory.support.DefaultListableBeanFactory.doResolveDependency(DefaultListableBeanFactory.java:1391)
	at org.springframework.beans.factory.support.DefaultListableBeanFactory.resolveDependency(DefaultListableBeanFactory.java:1311)
	at org.springframework.beans.factory.annotation.AutowiredAnnotationBeanPostProcessor$AutowiredFieldElement.resolveFieldValue(AutowiredAnnotationBeanPostProcessor.java:656)
	... 34 common frames omitted
Caused by: org.springframework.beans.factory.BeanCreationException: Error creating bean with name 'sqlSessionFactory' defined in class path resource [org/mybatis/spring/boot/autoconfigure/MybatisAutoConfiguration.class]: Bean instantiation via factory method failed; nested exception is org.springframework.beans.BeanInstantiationException: Failed to instantiate [org.apache.ibatis.session.SqlSessionFactory]: Factory method 'sqlSessionFactory' threw exception; nested exception is org.springframework.core.NestedIOException: Failed to parse mapping resource: 'file [C:\Users\PC\OneDrive\바탕 화면\ssafy\spring\VueAPI\target\classes\mappers\board.xml]'; nested exception is org.apache.ibatis.builder.BuilderException: Error parsing Mapper XML. The XML location is 'file [C:\Users\PC\OneDrive\바탕 화면\ssafy\spring\VueAPI\target\classes\mappers\board.xml]'. Cause: org.apache.ibatis.builder.BuilderException: Error resolving class. Cause: org.apache.ibatis.type.TypeException: Could not resolve type alias 'board'.  Cause: java.lang.ClassNotFoundException: Cannot find class: board
	at org.springframework.beans.factory.support.ConstructorResolver.instantiate(ConstructorResolver.java:658)
	at org.springframework.beans.factory.support.ConstructorResolver.instantiateUsingFactoryMethod(ConstructorResolver.java:638)
	at org.springframework.beans.factory.support.AbstractAutowireCapableBeanFactory.instantiateUsingFactoryMethod(AbstractAutowireCapableBeanFactory.java:1352)
	at org.springframework.beans.factory.support.AbstractAutowireCapableBeanFactory.createBeanInstance(AbstractAutowireCapableBeanFactory.java:1195)
	at org.springframework.beans.factory.support.AbstractAutowireCapableBeanFactory.doCreateBean(AbstractAutowireCapableBeanFactory.java:582)
	at org.springframework.beans.factory.support.AbstractAutowireCapableBeanFactory.createBean(AbstractAutowireCapableBeanFactory.java:542)
	at org.springframework.beans.factory.support.AbstractBeanFactory.lambda$doGetBean$0(AbstractBeanFactory.java:335)
	at org.springframework.beans.factory.support.DefaultSingletonBeanRegistry.getSingleton(DefaultSingletonBeanRegistry.java:234)
	at org.springframework.beans.factory.support.AbstractBeanFactory.doGetBean(AbstractBeanFactory.java:333)
	at org.springframework.beans.factory.support.AbstractBeanFactory.getBean(AbstractBeanFactory.java:208)
	at org.springframework.beans.factory.config.DependencyDescriptor.resolveCandidate(DependencyDescriptor.java:276)
	at org.springframework.beans.factory.support.DefaultListableBeanFactory.doResolveDependency(DefaultListableBeanFactory.java:1391)
	at org.springframework.beans.factory.support.DefaultListableBeanFactory.resolveDependency(DefaultListableBeanFactory.java:1311)
	at org.springframework.beans.factory.support.ConstructorResolver.resolveAutowiredArgument(ConstructorResolver.java:887)
	at org.springframework.beans.factory.support.ConstructorResolver.createArgumentArray(ConstructorResolver.java:791)
	... 47 common frames omitted
Caused by: org.springframework.beans.BeanInstantiationException: Failed to instantiate [org.apache.ibatis.session.SqlSessionFactory]: Factory method 'sqlSessionFactory' threw exception; nested exception is org.springframework.core.NestedIOException: Failed to parse mapping resource: 'file [C:\Users\PC\OneDrive\바탕 화면\ssafy\spring\VueAPI\target\classes\mappers\board.xml]'; nested exception is org.apache.ibatis.builder.BuilderException: Error parsing Mapper XML. The XML location is 'file [C:\Users\PC\OneDrive\바탕 화면\ssafy\spring\VueAPI\target\classes\mappers\board.xml]'. Cause: org.apache.ibatis.builder.BuilderException: Error resolving class. Cause: org.apache.ibatis.type.TypeException: Could not resolve type alias 'board'.  Cause: java.lang.ClassNotFoundException: Cannot find class: board
	at org.springframework.beans.factory.support.SimpleInstantiationStrategy.instantiate(SimpleInstantiationStrategy.java:185)
	at org.springframework.beans.factory.support.ConstructorResolver.instantiate(ConstructorResolver.java:653)
	... 61 common frames omitted
Caused by: org.springframework.core.NestedIOException: Failed to parse mapping resource: 'file [C:\Users\PC\OneDrive\바탕 화면\ssafy\spring\VueAPI\target\classes\mappers\board.xml]'; nested exception is org.apache.ibatis.builder.BuilderException: Error parsing Mapper XML. The XML location is 'file [C:\Users\PC\OneDrive\바탕 화면\ssafy\spring\VueAPI\target\classes\mappers\board.xml]'. Cause: org.apache.ibatis.builder.BuilderException: Error resolving class. Cause: org.apache.ibatis.type.TypeException: Could not resolve type alias 'board'.  Cause: java.lang.ClassNotFoundException: Cannot find class: board
	at org.mybatis.spring.SqlSessionFactoryBean.buildSqlSessionFactory(SqlSessionFactoryBean.java:613)
	at org.mybatis.spring.SqlSessionFactoryBean.afterPropertiesSet(SqlSessionFactoryBean.java:491)
	at org.mybatis.spring.SqlSessionFactoryBean.getObject(SqlSessionFactoryBean.java:633)
	at org.mybatis.spring.boot.autoconfigure.MybatisAutoConfiguration.sqlSessionFactory(MybatisAutoConfiguration.java:188)
	at org.mybatis.spring.boot.autoconfigure.MybatisAutoConfiguration$$EnhancerBySpringCGLIB$$c1ef78a6.CGLIB$sqlSessionFactory$2(<generated>)
	at org.mybatis.spring.boot.autoconfigure.MybatisAutoConfiguration$$EnhancerBySpringCGLIB$$c1ef78a6$$FastClassBySpringCGLIB$$cd219a93.invoke(<generated>)
	at org.springframework.cglib.proxy.MethodProxy.invokeSuper(MethodProxy.java:244)
	at org.springframework.context.annotation.ConfigurationClassEnhancer$BeanMethodInterceptor.intercept(ConfigurationClassEnhancer.java:331)
	at org.mybatis.spring.boot.autoconfigure.MybatisAutoConfiguration$$EnhancerBySpringCGLIB$$c1ef78a6.sqlSessionFactory(<generated>)
	at sun.reflect.NativeMethodAccessorImpl.invoke0(Native Method)
	at sun.reflect.NativeMethodAccessorImpl.invoke(NativeMethodAccessorImpl.java:62)
	at sun.reflect.DelegatingMethodAccessorImpl.invoke(DelegatingMethodAccessorImpl.java:43)
	at java.lang.reflect.Method.invoke(Method.java:498)
	at org.springframework.beans.factory.support.SimpleInstantiationStrategy.instantiate(SimpleInstantiationStrategy.java:154)
	... 62 common frames omitted
Caused by: org.apache.ibatis.builder.BuilderException: Error parsing Mapper XML. The XML location is 'file [C:\Users\PC\OneDrive\바탕 화면\ssafy\spring\VueAPI\target\classes\mappers\board.xml]'. Cause: org.apache.ibatis.builder.BuilderException: Error resolving class. Cause: org.apache.ibatis.type.TypeException: Could not resolve type alias 'board'.  Cause: java.lang.ClassNotFoundException: Cannot find class: board
	at org.apache.ibatis.builder.xml.XMLMapperBuilder.configurationElement(XMLMapperBuilder.java:123)
	at org.apache.ibatis.builder.xml.XMLMapperBuilder.parse(XMLMapperBuilder.java:95)
	at org.mybatis.spring.SqlSessionFactoryBean.buildSqlSessionFactory(SqlSessionFactoryBean.java:611)
	... 75 common frames omitted
Caused by: org.apache.ibatis.builder.BuilderException: Error resolving class. Cause: org.apache.ibatis.type.TypeException: Could not resolve type alias 'board'.  Cause: java.lang.ClassNotFoundException: Cannot find class: board
	at org.apache.ibatis.builder.BaseBuilder.resolveClass(BaseBuilder.java:118)
	at org.apache.ibatis.builder.xml.XMLMapperBuilder.resultMapElement(XMLMapperBuilder.java:263)
	at org.apache.ibatis.builder.xml.XMLMapperBuilder.resultMapElement(XMLMapperBuilder.java:254)
	at org.apache.ibatis.builder.xml.XMLMapperBuilder.resultMapElements(XMLMapperBuilder.java:246)
	at org.apache.ibatis.builder.xml.XMLMapperBuilder.configurationElement(XMLMapperBuilder.java:119)
	... 77 common frames omitted
Caused by: org.apache.ibatis.type.TypeException: Could not resolve type alias 'board'.  Cause: java.lang.ClassNotFoundException: Cannot find class: board
	at org.apache.ibatis.type.TypeAliasRegistry.resolveAlias(TypeAliasRegistry.java:120)
	at org.apache.ibatis.builder.BaseBuilder.resolveAlias(BaseBuilder.java:149)
	at org.apache.ibatis.builder.BaseBuilder.resolveClass(BaseBuilder.java:116)
	... 81 common frames omitted
Caused by: java.lang.ClassNotFoundException: Cannot find class: board
	at org.apache.ibatis.io.ClassLoaderWrapper.classForName(ClassLoaderWrapper.java:196)
	at org.apache.ibatis.io.ClassLoaderWrapper.classForName(ClassLoaderWrapper.java:89)
	at org.apache.ibatis.io.Resources.classForName(Resources.java:261)
	at org.apache.ibatis.type.TypeAliasRegistry.resolveAlias(TypeAliasRegistry.java:116)
	... 83 common frames omitted

[2m2022-11-18 02:45:24.669[0;39m [33m WARN[0;39m [35m20372[0;39m [2m---[0;39m [2m[           main][0;39m [36mo.m.s.mapper.ClassPathMapperScanner     [0;39m [2m:[0;39m Skipping MapperFactoryBean with name 'boardMapper' and 'com.ssafy.vue.model.mapper.BoardMapper' mapperInterface. Bean already defined with the same name!
[2m2022-11-18 02:45:24.671[0;39m [33m WARN[0;39m [35m20372[0;39m [2m---[0;39m [2m[           main][0;39m [36mo.m.s.mapper.ClassPathMapperScanner     [0;39m [2m:[0;39m Skipping MapperFactoryBean with name 'houseMapMapper' and 'com.ssafy.vue.model.mapper.HouseMapMapper' mapperInterface. Bean already defined with the same name!
[2m2022-11-18 02:45:24.671[0;39m [33m WARN[0;39m [35m20372[0;39m [2m---[0;39m [2m[           main][0;39m [36mo.m.s.mapper.ClassPathMapperScanner     [0;39m [2m:[0;39m Skipping MapperFactoryBean with name 'memberMapper' and 'com.ssafy.vue.model.mapper.MemberMapper' mapperInterface. Bean already defined with the same name!
[2m2022-11-18 02:45:24.671[0;39m [33m WARN[0;39m [35m20372[0;39m [2m---[0;39m [2m[           main][0;39m [36mo.m.s.mapper.ClassPathMapperScanner     [0;39m [2m:[0;39m No MyBatis mapper was found in '[com.ssafy.vue.model.mapper]' package. Please check your configuration.
[2m2022-11-18 02:45:24.911[0;39m [32m INFO[0;39m [35m20372[0;39m [2m---[0;39m [2m[           main][0;39m [36mo.s.b.w.embedded.tomcat.TomcatWebServer [0;39m [2m:[0;39m Tomcat initialized with port(s): 9999 (http)
[2m2022-11-18 02:45:25.145[0;39m [32m INFO[0;39m [35m20372[0;39m [2m---[0;39m [2m[           main][0;39m [36mw.s.c.ServletWebServerApplicationContext[0;39m [2m:[0;39m Root WebApplicationContext: initialization completed in 969 ms
[2m2022-11-18 02:45:25.741[0;39m [32m INFO[0;39m [35m20372[0;39m [2m---[0;39m [2m[           main][0;39m [36mo.s.b.w.embedded.tomcat.TomcatWebServer [0;39m [2m:[0;39m Tomcat started on port(s): 9999 (http) with context path '/vue'
[2m2022-11-18 02:45:29.893[0;39m [32m INFO[0;39m [35m20372[0;39m [2m---[0;39m [2m[nio-9999-exec-2][0;39m [36mo.s.web.servlet.DispatcherServlet       [0;39m [2m:[0;39m Initializing Servlet 'dispatcherServlet'
[2m2022-11-18 02:45:29.893[0;39m [32m INFO[0;39m [35m20372[0;39m [2m---[0;39m [2m[nio-9999-exec-2][0;39m [36mo.s.web.servlet.DispatcherServlet       [0;39m [2m:[0;39m Completed initialization in 0 ms
[2m2022-11-18 02:45:29.913[0;39m [32m INFO[0;39m [35m20372[0;39m [2m---[0;39m [2m[nio-9999-exec-2][0;39m [36mc.ssafy.vue.controller.BoardController  [0;39m [2m:[0;39m listArticle - 호출
[2m2022-11-18 02:45:37.431[0;39m [32m INFO[0;39m [35m20372[0;39m [2m---[0;39m [2m[nio-9999-exec-1][0;39m [36mc.ssafy.vue.controller.BoardController  [0;39m [2m:[0;39m getArticle - 호출 : 3
[2m2022-11-18 02:46:03.566[0;39m [32m INFO[0;39m [35m20372[0;39m [2m---[0;39m [2m[n(10)-127.0.0.1][0;39m [36minMXBeanRegistrar$SpringApplicationAdmin[0;39m [2m:[0;39m Application shutdown requested.
[2m2022-11-18 02:46:03.674[0;39m [33m WARN[0;39m [35m20372[0;39m [2m---[0;39m [2m[n(10)-127.0.0.1][0;39m [36mo.a.c.loader.WebappClassLoaderBase      [0;39m [2m:[0;39m The web application [vue] appears to have started a thread named [HikariPool-1 housekeeper] but has failed to stop it. This is very likely to create a memory leak. Stack trace of thread:
 sun.misc.Unsafe.park(Native Method)
 java.util.concurrent.locks.LockSupport.parkNanos(LockSupport.java:215)
 java.util.concurrent.locks.AbstractQueuedSynchronizer$ConditionObject.awaitNanos(AbstractQueuedSynchronizer.java:2078)
 java.util.concurrent.ScheduledThreadPoolExecutor$DelayedWorkQueue.take(ScheduledThreadPoolExecutor.java:1093)
 java.util.concurrent.ScheduledThreadPoolExecutor$DelayedWorkQueue.take(ScheduledThreadPoolExecutor.java:809)
 java.util.concurrent.ThreadPoolExecutor.getTask(ThreadPoolExecutor.java:1074)
 java.util.concurrent.ThreadPoolExecutor.runWorker(ThreadPoolExecutor.java:1134)
 java.util.concurrent.ThreadPoolExecutor$Worker.run(ThreadPoolExecutor.java:624)
 java.lang.Thread.run(Thread.java:748)
[2m2022-11-18 02:46:13.814[0;39m [33m WARN[0;39m [35m8204[0;39m [2m---[0;39m [2m[           main][0;39m [36mo.m.s.mapper.ClassPathMapperScanner     [0;39m [2m:[0;39m Skipping MapperFactoryBean with name 'boardMapper' and 'com.ssafy.vue.model.mapper.BoardMapper' mapperInterface. Bean already defined with the same name!
[2m2022-11-18 02:46:13.816[0;39m [33m WARN[0;39m [35m8204[0;39m [2m---[0;39m [2m[           main][0;39m [36mo.m.s.mapper.ClassPathMapperScanner     [0;39m [2m:[0;39m Skipping MapperFactoryBean with name 'houseMapMapper' and 'com.ssafy.vue.model.mapper.HouseMapMapper' mapperInterface. Bean already defined with the same name!
[2m2022-11-18 02:46:13.816[0;39m [33m WARN[0;39m [35m8204[0;39m [2m---[0;39m [2m[           main][0;39m [36mo.m.s.mapper.ClassPathMapperScanner     [0;39m [2m:[0;39m Skipping MapperFactoryBean with name 'memberMapper' and 'com.ssafy.vue.model.mapper.MemberMapper' mapperInterface. Bean already defined with the same name!
[2m2022-11-18 02:46:13.816[0;39m [33m WARN[0;39m [35m8204[0;39m [2m---[0;39m [2m[           main][0;39m [36mo.m.s.mapper.ClassPathMapperScanner     [0;39m [2m:[0;39m No MyBatis mapper was found in '[com.ssafy.vue.model.mapper]' package. Please check your configuration.
[2m2022-11-18 02:46:14.054[0;39m [32m INFO[0;39m [35m8204[0;39m [2m---[0;39m [2m[           main][0;39m [36mo.s.b.w.embedded.tomcat.TomcatWebServer [0;39m [2m:[0;39m Tomcat initialized with port(s): 9999 (http)
[2m2022-11-18 02:46:14.291[0;39m [32m INFO[0;39m [35m8204[0;39m [2m---[0;39m [2m[           main][0;39m [36mw.s.c.ServletWebServerApplicationContext[0;39m [2m:[0;39m Root WebApplicationContext: initialization completed in 981 ms
[2m2022-11-18 02:46:14.908[0;39m [32m INFO[0;39m [35m8204[0;39m [2m---[0;39m [2m[           main][0;39m [36mo.s.b.w.embedded.tomcat.TomcatWebServer [0;39m [2m:[0;39m Tomcat started on port(s): 9999 (http) with context path '/vue'
[2m2022-11-18 02:47:14.876[0;39m [32m INFO[0;39m [35m8204[0;39m [2m---[0;39m [2m[nio-9999-exec-1][0;39m [36mo.s.web.servlet.DispatcherServlet       [0;39m [2m:[0;39m Initializing Servlet 'dispatcherServlet'
[2m2022-11-18 02:47:14.877[0;39m [32m INFO[0;39m [35m8204[0;39m [2m---[0;39m [2m[nio-9999-exec-1][0;39m [36mo.s.web.servlet.DispatcherServlet       [0;39m [2m:[0;39m Completed initialization in 1 ms
[2m2022-11-18 02:47:14.929[0;39m [33m WARN[0;39m [35m8204[0;39m [2m---[0;39m [2m[nio-9999-exec-1][0;39m [36m.w.s.m.s.DefaultHandlerExceptionResolver[0;39m [2m:[0;39m Resolved [org.springframework.web.HttpMediaTypeNotSupportedException: Content type 'multipart/form-data;boundary=--------------------------485004230972428223290268;charset=UTF-8' not supported]
[2m2022-11-18 02:49:48.214[0;39m [33m WARN[0;39m [35m8204[0;39m [2m---[0;39m [2m[nio-9999-exec-8][0;39m [36m.w.s.m.s.DefaultHandlerExceptionResolver[0;39m [2m:[0;39m Resolved [org.springframework.web.HttpMediaTypeNotSupportedException: Content type 'text/plain;charset=UTF-8' not supported]
[2m2022-11-18 09:33:59.428[0;39m [32m INFO[0;39m [35m8204[0;39m [2m---[0;39m [2m[n(71)-127.0.0.1][0;39m [36minMXBeanRegistrar$SpringApplicationAdmin[0;39m [2m:[0;39m Application shutdown requested.
